<?xml version="1.0" encoding="utf-8"?><testsuites name="pytest tests"><testsuite name="pytest" errors="0" failures="1" skipped="0" tests="44" time="12.084" timestamp="2026-05-03T20:40:04.151372+00:00" hostname="agent-env-f30b54e6-9459-48e2-8569-12880c9a6b5d"><testcase classname="backend.tests.test_haraj_plus.TestMeta" name="test_root" time="0.235" /><testcase classname="backend.tests.test_haraj_plus.TestMeta" name="test_categories_returns_15" time="0.124" /><testcase classname="backend.tests.test_haraj_plus.TestMeta" name="test_countries_returns_6" time="0.102" /><testcase classname="backend.tests.test_haraj_plus.TestMeta" name="test_theme" time="0.099" /><testcase classname="backend.tests.test_haraj_plus.TestAuth" name="test_register_success_sets_cookies" time="0.371" /><testcase classname="backend.tests.test_haraj_plus.TestAuth" name="test_register_duplicate_email_returns_400" time="0.460" /><testcase classname="backend.tests.test_haraj_plus.TestAuth" name="test_register_invalid_country" time="0.136" /><testcase classname="backend.tests.test_haraj_plus.TestAuth" name="test_admin_login_returns_admin_role" time="0.343" /><testcase classname="backend.tests.test_haraj_plus.TestAuth" name="test_login_wrong_password_401" time="0.339" /><testcase classname="backend.tests.test_haraj_plus.TestAuth" name="test_get_me_with_token" time="0.113" /><testcase classname="backend.tests.test_haraj_plus.TestAuth" name="test_get_me_without_auth_401" time="0.126" /><testcase classname="backend.tests.test_haraj_plus.TestAuth" name="test_logout_clears_cookies" time="0.383" /><testcase classname="backend.tests.test_haraj_plus.TestAuth" name="test_refresh_issues_new_access" time="0.379" /><testcase classname="backend.tests.test_haraj_plus.TestAuth" name="test_brute_force_lockout_after_5" time="2.454"><failure message="AssertionError: Expected 429 after 5 fails, got [401, 401, 401, 401, 401, 401]&#10;assert 429 in [401, 401, 401, 401, 401, 401]">backend/tests/test_haraj_plus.py:229: in test_brute_force_lockout_after_5
    assert 429 in statuses, f"Expected 429 after 5 fails, got {statuses}"
E   AssertionError: Expected 429 after 5 fails, got [401, 401, 401, 401, 401, 401]
E   assert 429 in [401, 401, 401, 401, 401, 401]</failure></testcase><testcase classname="backend.tests.test_haraj_plus.TestCloudinary" name="test_signature_requires_auth" time="0.123" /><testcase classname="backend.tests.test_haraj_plus.TestCloudinary" name="test_signature_success" time="0.098" /><testcase classname="backend.tests.test_haraj_plus.TestCloudinary" name="test_signature_invalid_folder" time="0.108" /><testcase classname="backend.tests.test_haraj_plus.TestListings" name="test_create_without_auth" time="0.100" /><testcase classname="backend.tests.test_haraj_plus.TestListings" name="test_create_with_invalid_category" time="0.112" /><testcase classname="backend.tests.test_haraj_plus.TestListings" name="test_create_car_listing" time="0.102" /><testcase classname="backend.tests.test_haraj_plus.TestListings" name="test_create_banned_word_pending" time="0.128" /><testcase classname="backend.tests.test_haraj_plus.TestListings" name="test_list_listings_filters" time="0.245" /><testcase classname="backend.tests.test_haraj_plus.TestListings" name="test_list_listings_search_and_price_filter" time="0.115" /><testcase classname="backend.tests.test_haraj_plus.TestListings" name="test_get_listing_by_id_increments_views" time="0.228" /><testcase classname="backend.tests.test_haraj_plus.TestListings" name="test_similar_listings" time="0.264" /><testcase classname="backend.tests.test_haraj_plus.TestListings" name="test_my_listings_auth" time="0.103" /><testcase classname="backend.tests.test_haraj_plus.TestListings" name="test_map_nearby" time="0.108" /><testcase classname="backend.tests.test_haraj_plus.TestListings" name="test_delete_forbidden_for_non_owner" time="0.455" /><testcase classname="backend.tests.test_haraj_plus.TestListings" name="test_delete_by_owner" time="0.346" /><testcase classname="backend.tests.test_haraj_plus.TestFavorites" name="test_toggle_favorite" time="0.235" /><testcase classname="backend.tests.test_haraj_plus.TestFavorites" name="test_list_favorites" time="0.207" /><testcase classname="backend.tests.test_haraj_plus.TestChat" name="test_send_and_list" time="0.360" /><testcase classname="backend.tests.test_haraj_plus.TestChat" name="test_cannot_message_self" time="0.104" /><testcase classname="backend.tests.test_haraj_plus.TestChat" name="test_messages_forbidden_for_non_participant" time="0.566" /><testcase classname="backend.tests.test_haraj_plus.TestReports" name="test_submit_report" time="0.096" /><testcase classname="backend.tests.test_haraj_plus.TestAds" name="test_public_ads" time="0.111" /><testcase classname="backend.tests.test_haraj_plus.TestAdmin" name="test_admin_access_required" time="0.117" /><testcase classname="backend.tests.test_haraj_plus.TestAdmin" name="test_admin_stats" time="0.121" /><testcase classname="backend.tests.test_haraj_plus.TestAdmin" name="test_admin_pending_listings" time="0.117" /><testcase classname="backend.tests.test_haraj_plus.TestAdmin" name="test_admin_approve_reject_listing" time="0.324" /><testcase classname="backend.tests.test_haraj_plus.TestAdmin" name="test_admin_users_ban_unban_verify" time="0.456" /><testcase classname="backend.tests.test_haraj_plus.TestAdmin" name="test_admin_reports_list_and_close" time="0.329" /><testcase classname="backend.tests.test_haraj_plus.TestAdmin" name="test_admin_ads_crud" time="0.313" /><testcase classname="backend.tests.test_haraj_plus.TestAdmin" name="test_admin_theme_update" time="0.105" /></testsuite></testsuites>