<?xml version="1.0" encoding="utf-8"?><testsuites name="pytest tests"><testsuite name="pytest" errors="0" failures="0" skipped="0" tests="9" time="3.866" timestamp="2026-05-07T13:40:09.222399+00:00" hostname="agent-env-f30b54e6-9459-48e2-8569-12880c9a6b5d"><testcase classname="backend.tests.test_iter14_trip_egypt.TestCountries" name="test_meta_countries_includes_egypt" time="0.373" /><testcase classname="backend.tests.test_iter14_trip_egypt.TestEGRegistration" name="test_register_eg_valid_prefix_10" time="0.721" /><testcase classname="backend.tests.test_iter14_trip_egypt.TestEGRegistration" name="test_register_eg_valid_prefix_15" time="0.535" /><testcase classname="backend.tests.test_iter14_trip_egypt.TestEGRegistration" name="test_register_eg_invalid_prefix_99" time="0.207" /><testcase classname="backend.tests.test_iter14_trip_egypt.TestEGRegistration" name="test_register_eg_invalid_length" time="0.236" /><testcase classname="backend.tests.test_iter14_trip_egypt.TestIframeAds" name="test_create_iframe_ad" time="0.502" /><testcase classname="backend.tests.test_iter14_trip_egypt.TestIframeAds" name="test_get_public_ads_returns_iframe_ad" time="0.698" /><testcase classname="backend.tests.test_iter14_trip_egypt.TestIframeAds" name="test_create_image_ad_default_type" time="0.192" /><testcase classname="backend.tests.test_iter14_trip_egypt.TestIframeAds" name="test_cleanup" time="0.318" /></testsuite></testsuites>