<?xml version="1.0" encoding="utf-8"?><testsuites name="pytest tests"><testsuite name="pytest" errors="0" failures="0" skipped="0" tests="3" time="1.437" timestamp="2026-05-07T15:06:07.623034+00:00" hostname="agent-env-f30b54e6-9459-48e2-8569-12880c9a6b5d"><testcase classname="backend.tests.test_iter15_trip_ads" name="test_home_middle_has_trip_iframe_ad" time="0.929" /><testcase classname="backend.tests.test_iter15_trip_ads" name="test_listing_bottom_has_trip_iframe_ad" time="0.228" /><testcase classname="backend.tests.test_iter15_trip_ads" name="test_listing_top_endpoint_returns_list" time="0.208" /></testsuite></testsuites>