<?xml version="1.0" encoding="utf-8"?><testsuites name="pytest tests"><testsuite name="pytest" errors="0" failures="0" skipped="0" tests="29" time="14.824" timestamp="2026-05-04T19:44:02.017550+00:00" hostname="agent-env-f30b54e6-9459-48e2-8569-12880c9a6b5d"><testcase classname="backend.tests.test_iteration3_features.TestAITranslate" name="test_translate_arabic_to_english_returns_text" time="5.007" /><testcase classname="backend.tests.test_iteration3_features.TestAITranslate" name="test_translate_second_call_returns_cached" time="1.321" /><testcase classname="backend.tests.test_iteration3_features.TestAITranslate" name="test_translate_unsupported_language_returns_400" time="0.137" /><testcase classname="backend.tests.test_iteration3_features.TestAITranslate" name="test_translate_missing_text_returns_422" time="0.243" /><testcase classname="backend.tests.test_iteration3_features.TestAIImageSearch" name="test_image_search_missing_field_returns_422" time="0.229" /><testcase classname="backend.tests.test_iteration3_features.TestAIImageSearch" name="test_image_search_tiny_image_returns_400" time="0.245" /><testcase classname="backend.tests.test_iteration3_features.TestAIImageSearch" name="test_image_search_tiny_image_with_dataurl_prefix_returns_400" time="0.128" /><testcase classname="backend.tests.test_iteration3_features.TestListingEdit" name="test_update_listing_no_auth_returns_401" time="0.649" /><testcase classname="backend.tests.test_iteration3_features.TestListingEdit" name="test_update_listing_other_user_returns_403" time="0.665" /><testcase classname="backend.tests.test_iteration3_features.TestListingEdit" name="test_update_listing_as_owner_updates_fields" time="0.428" /><testcase classname="backend.tests.test_iteration3_features.TestListingEdit" name="test_update_listing_empty_body_returns_400" time="0.293" /><testcase classname="backend.tests.test_iteration3_features.TestListingEdit" name="test_update_listing_not_found_returns_404" time="0.229" /><testcase classname="backend.tests.test_iteration3_features.TestRepublish" name="test_republish_within_24h_returns_400" time="0.331" /><testcase classname="backend.tests.test_iteration3_features.TestRepublish" name="test_republish_other_user_returns_403" time="0.294" /><testcase classname="backend.tests.test_iteration3_features.TestRepublish" name="test_republish_not_found_returns_404" time="0.129" /><testcase classname="backend.tests.test_iteration3_features.TestRepublish" name="test_republish_success_after_db_patch_25h_ago" time="0.335" /><testcase classname="backend.tests.test_iteration3_features.TestMarkSold" name="test_mark_sold_owner_success" time="0.419" /><testcase classname="backend.tests.test_iteration3_features.TestMarkSold" name="test_mark_sold_other_user_returns_403" time="0.283" /><testcase classname="backend.tests.test_iteration3_features.TestMarkSold" name="test_mark_sold_no_auth_returns_401" time="0.274" /><testcase classname="backend.tests.test_iteration3_features.TestLocationShare" name="test_share_requires_auth" time="0.142" /><testcase classname="backend.tests.test_iteration3_features.TestLocationShare" name="test_share_to_self_returns_400" time="0.125" /><testcase classname="backend.tests.test_iteration3_features.TestLocationShare" name="test_share_unknown_receiver_returns_404" time="0.138" /><testcase classname="backend.tests.test_iteration3_features.TestLocationShare" name="test_share_creates_doc_and_message" time="1.556" /><testcase classname="backend.tests.test_iteration3_features.TestRegression" name="test_admin_login" time="0.350" /><testcase classname="backend.tests.test_iteration3_features.TestRegression" name="test_listings_list" time="0.149" /><testcase classname="backend.tests.test_iteration3_features.TestRegression" name="test_auctions_active" time="0.141" /><testcase classname="backend.tests.test_iteration3_features.TestRegression" name="test_forgot_password_dev_link" time="0.133" /><testcase classname="backend.tests.test_iteration3_features.TestRegression" name="test_google_empty_session_rejected" time="0.152" /><testcase classname="backend.tests.test_iteration3_features.TestRegression" name="test_listing_delete_requires_auth" time="0.121" /></testsuite></testsuites>