<?xml version="1.0" encoding="utf-8"?><testsuites name="pytest tests"><testsuite name="pytest" errors="0" failures="0" skipped="0" tests="14" time="3.259" timestamp="2026-05-07T16:20:34.156653+00:00" hostname="agent-env-f30b54e6-9459-48e2-8569-12880c9a6b5d"><testcase classname="backend.tests.test_iter16_features.TestTripAds" name="test_trip_ad_image_for_placement[home_middle]" time="0.204" /><testcase classname="backend.tests.test_iter16_features.TestTripAds" name="test_trip_ad_image_for_placement[listing_top]" time="0.120" /><testcase classname="backend.tests.test_iter16_features.TestTripAds" name="test_trip_ad_image_for_placement[listing_bottom]" time="0.218" /><testcase classname="backend.tests.test_iter16_features.TestPhoneEditor" name="test_update_phone_valid_sa" time="0.427" /><testcase classname="backend.tests.test_iter16_features.TestPhoneEditor" name="test_update_phone_invalid_too_short" time="0.079" /><testcase classname="backend.tests.test_iter16_features.TestPhoneEditor" name="test_update_phone_invalid_prefix" time="0.071" /><testcase classname="backend.tests.test_iter16_features.TestPhoneEditor" name="test_restore_admin_phone" time="0.070" /><testcase classname="backend.tests.test_iter16_features.TestDigest" name="test_admin_digest_test_endpoint" time="0.312" /><testcase classname="backend.tests.test_iter16_features.TestDigest" name="test_admin_digest_test_unauthenticated" time="0.123" /><testcase classname="backend.tests.test_iter16_features.TestCronDigest" name="test_cron_invalid_secret" time="0.182" /><testcase classname="backend.tests.test_iter16_features.TestCronDigest" name="test_cron_no_header" time="0.153" /><testcase classname="backend.tests.test_iter16_features.TestCORS" name="test_options_alhraj_origin" time="0.092" /><testcase classname="backend.tests.test_iter16_features.TestCORS" name="test_options_www_alhraj_origin" time="0.069" /><testcase classname="backend.tests.test_iter16_features.TestSimilarListings" name="test_similar_ranks_text_match_above_category" time="1.060" /></testsuite></testsuites>