<?xml version="1.0" encoding="utf-8"?><testsuites name="pytest tests"><testsuite name="pytest" errors="0" failures="0" skipped="0" tests="12" time="8.758" timestamp="2026-05-04T20:44:26.502976+00:00" hostname="agent-env-f30b54e6-9459-48e2-8569-12880c9a6b5d"><testcase classname="backend.tests.test_iteration4_features.TestPriceBadge" name="test_badge_nonexistent_returns_null" time="0.315" /><testcase classname="backend.tests.test_iteration4_features.TestPriceBadge" name="test_badge_for_real_listing_classifies" time="0.257" /><testcase classname="backend.tests.test_iteration4_features.TestPriceBadge" name="test_badge_color_matches_classification" time="0.141" /><testcase classname="backend.tests.test_iteration4_features.TestForgotPassword" name="test_forgot_for_resend_owner_email_sent_true" time="0.377" /><testcase classname="backend.tests.test_iteration4_features.TestForgotPassword" name="test_forgot_for_other_email_returns_dev_link" time="0.523" /><testcase classname="backend.tests.test_iteration4_features.TestForgotPassword" name="test_forgot_unknown_email_safe_response" time="0.057" /><testcase classname="backend.tests.test_iteration4_features.TestRegression" name="test_listings_list_works" time="0.151" /><testcase classname="backend.tests.test_iteration4_features.TestRegression" name="test_ai_translate_endpoint" time="6.388" /><testcase classname="backend.tests.test_iteration4_features.TestRegression" name="test_ai_image_search_validation_rejects_short" time="0.202" /><testcase classname="backend.tests.test_iteration4_features.TestRegression" name="test_auctions_active_endpoint" time="0.120" /><testcase classname="backend.tests.test_iteration4_features.TestRegression" name="test_admin_login_still_works" time="0.000" /><testcase classname="backend.tests.test_iteration4_features.TestRegression" name="test_me_endpoint" time="0.134" /></testsuite></testsuites>