<?xml version="1.0" encoding="utf-8"?><testsuites name="pytest tests"><testsuite name="pytest" errors="0" failures="0" skipped="0" tests="9" time="2.284" timestamp="2026-05-05T17:58:31.032004+00:00" hostname="agent-env-f30b54e6-9459-48e2-8569-12880c9a6b5d"><testcase classname="backend.tests.test_iter13_regression" name="test_listings_list" time="0.192" /><testcase classname="backend.tests.test_iter13_regression" name="test_search_trending" time="0.148" /><testcase classname="backend.tests.test_iter13_regression" name="test_auth_login_admin" time="0.352" /><testcase classname="backend.tests.test_iter13_regression" name="test_admin_finance_summary" time="0.155" /><testcase classname="backend.tests.test_iter13_regression" name="test_admin_seo_get" time="0.180" /><testcase classname="backend.tests.test_iter13_regression" name="test_ai_listing_autofill" time="0.147" /><testcase classname="backend.tests.test_iter13_regression" name="test_watches_create" time="0.366" /><testcase classname="backend.tests.test_iter13_regression" name="test_follow_seller_toggle" time="0.293" /><testcase classname="backend.tests.test_iter13_regression" name="test_listing_price_drop_update" time="0.386" /></testsuite></testsuites>