<?xml version="1.0" encoding="utf-8"?><testsuites name="pytest tests"><testsuite name="pytest" errors="0" failures="0" skipped="0" tests="8" time="3.551" timestamp="2026-05-05T16:59:37.369027+00:00" hostname="agent-env-f30b54e6-9459-48e2-8569-12880c9a6b5d"><testcase classname="backend.tests.test_iter12_features.TestFollowSellers" name="test_follow_seller_toggle_on" time="1.324" /><testcase classname="backend.tests.test_iter12_features.TestFollowSellers" name="test_follow_seller_toggle_off" time="0.141" /><testcase classname="backend.tests.test_iter12_features.TestFollowSellers" name="test_cannot_follow_self" time="0.125" /><testcase classname="backend.tests.test_iter12_features.TestWatches" name="test_create_watch" time="0.162" /><testcase classname="backend.tests.test_iter12_features.TestWatches" name="test_cannot_watch_own_listing" time="0.050" /><testcase classname="backend.tests.test_iter12_features.TestWatches" name="test_delete_watch" time="0.230" /><testcase classname="backend.tests.test_iter12_features.TestPriceDropTrigger" name="test_price_drop_creates_notification_for_watcher" time="1.275" /><testcase classname="backend.tests.test_iter12_features.TestPriceDropTrigger" name="test_owner_does_not_get_self_notification" time="0.163" /></testsuite></testsuites>