<?xml version="1.0" encoding="utf-8"?><testsuites name="pytest tests"><testsuite name="pytest" errors="0" failures="0" skipped="2" tests="21" time="11.476" timestamp="2026-05-05T11:14:45.871457+00:00" hostname="agent-env-f30b54e6-9459-48e2-8569-12880c9a6b5d"><testcase classname="backend.tests.test_iteration6_features.TestRegisterEmailVerified" name="test_new_user_email_verified_false" time="0.623" /><testcase classname="backend.tests.test_iteration6_features.TestRegisterEmailVerified" name="test_admin_get_me_returns_user" time="0.067" /><testcase classname="backend.tests.test_iteration6_features.TestResetPassword" name="test_forgot_then_reset_no_500" time="0.239"><skipped type="pytest.skip" message="No dev_reset_link returned and real emails cannot be intercepted">/app/backend/tests/test_iteration6_features.py:98: No dev_reset_link returned and real emails cannot be intercepted</skipped></testcase><testcase classname="backend.tests.test_iteration6_features.TestResetPassword" name="test_reset_with_invalid_token_400" time="0.067" /><testcase classname="backend.tests.test_iteration6_features.TestVerifyEmail" name="test_verify_email_invalid_token_400" time="0.065" /><testcase classname="backend.tests.test_iteration6_features.TestVerifyEmail" name="test_resend_verification_requires_auth" time="0.140" /><testcase classname="backend.tests.test_iteration6_features.TestVerifyEmail" name="test_resend_verification_authed" time="0.239" /><testcase classname="backend.tests.test_iteration6_features.TestAdminNotifications" name="test_broadcast_all" time="0.360" /><testcase classname="backend.tests.test_iteration6_features.TestAdminNotifications" name="test_broadcast_unverified_target" time="0.069" /><testcase classname="backend.tests.test_iteration6_features.TestAdminNotifications" name="test_broadcast_requires_admin" time="0.154" /><testcase classname="backend.tests.test_iteration6_features.TestAdminNotifications" name="test_ai_suggest_returns_list" time="7.971" /><testcase classname="backend.tests.test_iteration6_features.TestUserNotifications" name="test_list_notifications" time="0.075" /><testcase classname="backend.tests.test_iteration6_features.TestUserNotifications" name="test_read_all" time="0.068" /><testcase classname="backend.tests.test_iteration6_features.TestUserNotifications" name="test_mark_single_read_if_available" time="0.135" /><testcase classname="backend.tests.test_iteration6_features.TestWatches" name="test_add_watch" time="0.207" /><testcase classname="backend.tests.test_iteration6_features.TestWatches" name="test_list_watches_enriched" time="0.067" /><testcase classname="backend.tests.test_iteration6_features.TestWatches" name="test_cannot_watch_own_listing" time="0.131"><skipped type="pytest.skip" message="listing create failed (422): {&quot;detail&quot;:[{&quot;type&quot;:&quot;string_too_short&quot;,&quot;loc&quot;:[&quot;body&quot;,&quot;description&quot;],&quot;msg&quot;:&quot;String should have at least 5 characters&quot;,&quot;inp">/app/backend/tests/test_iteration6_features.py:246: listing create failed (422): {"detail":[{"type":"string_too_short","loc":["body","description"],"msg":"String should have at least 5 characters","inp</skipped></testcase><testcase classname="backend.tests.test_iteration6_features.TestWatches" name="test_remove_watch" time="0.128" /><testcase classname="backend.tests.test_iteration6_features.TestFollowSellers" name="test_cannot_follow_self" time="0.129" /><testcase classname="backend.tests.test_iteration6_features.TestFollowSellers" name="test_follow_toggle" time="0.374" /><testcase classname="backend.tests.test_iteration6_features.TestFollowSellers" name="test_follow_nonexistent_seller_404" time="0.072" /></testsuite></testsuites>