<?xml version="1.0" encoding="utf-8"?><testsuites name="pytest tests"><testsuite name="pytest" errors="0" failures="0" skipped="0" tests="17" time="4.537" timestamp="2026-05-05T14:32:25.057353+00:00" hostname="agent-env-f30b54e6-9459-48e2-8569-12880c9a6b5d"><testcase classname="backend.tests.test_iteration8_snap_push.TestSnapchatOAuth" name="test_snap_start_returns_valid_auth_url" time="0.309" /><testcase classname="backend.tests.test_iteration8_snap_push.TestSnapchatOAuth" name="test_snap_callback_rejects_unknown_state" time="0.067" /><testcase classname="backend.tests.test_iteration8_snap_push.TestSnapchatOAuth" name="test_snap_callback_rejects_missing_fields" time="0.140" /><testcase classname="backend.tests.test_iteration8_snap_push.TestPushTokens" name="test_push_register_requires_auth" time="0.177" /><testcase classname="backend.tests.test_iteration8_snap_push.TestPushTokens" name="test_push_register_validates_token_length" time="0.706" /><testcase classname="backend.tests.test_iteration8_snap_push.TestPushTokens" name="test_push_register_upserts" time="0.221" /><testcase classname="backend.tests.test_iteration8_snap_push.TestPushTokens" name="test_push_unregister_requires_auth" time="0.151" /><testcase classname="backend.tests.test_iteration8_snap_push.TestPushTokens" name="test_push_unregister_works" time="0.203" /><testcase classname="backend.tests.test_iteration8_snap_push.TestAdminBroadcastWithPush" name="test_broadcast_returns_push_devices_count" time="0.718" /><testcase classname="backend.tests.test_iteration8_snap_push.TestAdminBroadcastWithPush" name="test_broadcast_requires_admin" time="0.150" /><testcase classname="backend.tests.test_iteration8_snap_push.TestRegression" name="test_login_admin" time="0.288" /><testcase classname="backend.tests.test_iteration8_snap_push.TestRegression" name="test_register_and_login_flow" time="0.783" /><testcase classname="backend.tests.test_iteration8_snap_push.TestRegression" name="test_forgot_password" time="0.268" /><testcase classname="backend.tests.test_iteration8_snap_push.TestRegression" name="test_x_oauth_start_still_works" time="0.063" /><testcase classname="backend.tests.test_iteration8_snap_push.TestRegression" name="test_x_callback_unknown_state" time="0.067" /><testcase classname="backend.tests.test_iteration8_snap_push.TestRegression" name="test_meta_categories" time="0.066" /><testcase classname="backend.tests.test_iteration8_snap_push.TestRegression" name="test_meta_countries" time="0.063" /></testsuite></testsuites>