<?xml version="1.0" encoding="utf-8"?><testsuites name="pytest tests"><testsuite name="pytest" errors="0" failures="2" skipped="0" tests="13" time="1.388" timestamp="2026-05-08T23:54:40.251041+00:00" hostname="agent-env-f30b54e6-9459-48e2-8569-12880c9a6b5d"><testcase classname="backend.tests.test_iter17_seo.TestSitemap" name="test_sitemap_content_type_and_xml" time="0.236" /><testcase classname="backend.tests.test_iter17_seo.TestSitemap" name="test_sitemap_static_pages" time="0.060" /><testcase classname="backend.tests.test_iter17_seo.TestSitemap" name="test_sitemap_listing_entries" time="0.113" /><testcase classname="backend.tests.test_iter17_seo.TestRobots" name="test_robots_content_type_and_rules" time="0.053"><failure message="AssertionError: assert 'Disallow: /admin' in 'User-agent: *\nAllow: /\nSitemap: https://alhraj.online/sitemap.xml'">backend/tests/test_iter17_seo.py:91: in test_robots_content_type_and_rules
    assert "Disallow: /admin" in body
E   AssertionError: assert 'Disallow: /admin' in 'User-agent: *\nAllow: /\nSitemap: https://alhraj.online/sitemap.xml'</failure></testcase><testcase classname="backend.tests.test_iter17_seo.TestRobots" name="test_robots_ai_bots_allowed" time="0.056"><failure message="AssertionError: AI bot rule missing: GPTBot&#10;assert 'GPTBot' in 'User-agent: *\nAllow: /\nSitemap: https://alhraj.online/sitemap.xml'">backend/tests/test_iter17_seo.py:97: in test_robots_ai_bots_allowed
    assert bot in body, f"AI bot rule missing: {bot}"
E   AssertionError: AI bot rule missing: GPTBot
E   assert 'GPTBot' in 'User-agent: *\nAllow: /\nSitemap: https://alhraj.online/sitemap.xml'</failure></testcase><testcase classname="backend.tests.test_iter17_seo.TestRobots" name="test_robots_sitemap_reference" time="0.055" /><testcase classname="backend.tests.test_iter17_seo.TestSeoListing" name="test_seo_listing_html_structure" time="0.055" /><testcase classname="backend.tests.test_iter17_seo.TestSeoListing" name="test_seo_listing_404_for_unknown" time="0.060" /><testcase classname="backend.tests.test_iter17_seo.TestRegression" name="test_listings_endpoint" time="0.056" /><testcase classname="backend.tests.test_iter17_seo.TestRegression" name="test_auth_me" time="0.348" /><testcase classname="backend.tests.test_iter17_seo.TestRegression" name="test_ads" time="0.053" /><testcase classname="backend.tests.test_iter17_seo.TestRegression" name="test_similar" time="0.081" /><testcase classname="backend.tests.test_iter17_seo.TestRegression" name="test_admin_seo" time="0.056" /></testsuite></testsuites>