<?xml version="1.0" encoding="utf-8"?><testsuites name="pytest tests"><testsuite name="pytest" errors="0" failures="0" skipped="0" tests="13" time="5.987" timestamp="2026-05-14T21:38:26.386385+00:00" hostname="agent-env-f30b54e6-9459-48e2-8569-12880c9a6b5d"><testcase classname="backend.tests.test_iter20_chat_ws.TestWebSocketLifecycle" name="test_ws_connects_and_pongs" time="0.990" /><testcase classname="backend.tests.test_iter20_chat_ws.TestWebSocketLifecycle" name="test_ws_rejects_missing_token" time="0.157" /><testcase classname="backend.tests.test_iter20_chat_ws.TestWebSocketLifecycle" name="test_ws_rejects_bad_token" time="0.138" /><testcase classname="backend.tests.test_iter20_chat_ws.TestChatSendBroadcast" name="test_send_returns_200_with_sender_and_reply_to" time="0.555" /><testcase classname="backend.tests.test_iter20_chat_ws.TestChatSendBroadcast" name="test_send_broadcasts_to_receiver_and_sender_ws" time="0.641" /><testcase classname="backend.tests.test_iter20_chat_ws.TestTypingAndRead" name="test_typing_event_fanout" time="0.663" /><testcase classname="backend.tests.test_iter20_chat_ws.TestTypingAndRead" name="test_read_event_marks_messages_and_notifies_peer" time="0.635" /><testcase classname="backend.tests.test_iter20_chat_ws.TestPresence" name="test_presence_online_then_offline_updates_last_seen" time="1.177" /><testcase classname="backend.tests.test_iter20_chat_ws.TestNotifications" name="test_list_sorted_desc" time="0.401" /><testcase classname="backend.tests.test_iter20_chat_ws.TestNotifications" name="test_mark_one_read_and_read_all" time="0.303" /><testcase classname="backend.tests.test_iter20_chat_ws.TestRegression" name="test_listings_endpoint" time="0.052" /><testcase classname="backend.tests.test_iter20_chat_ws.TestRegression" name="test_push_vapid_public_key" time="0.053" /><testcase classname="backend.tests.test_iter20_chat_ws.TestRegression" name="test_auth_me_works" time="0.054" /></testsuite></testsuites>