<?xml version="1.0" encoding="utf-8"?><testsuites name="pytest tests"><testsuite name="pytest" errors="0" failures="0" skipped="0" tests="14" time="2.352" timestamp="2026-05-16T14:14:51.916705+00:00" hostname="agent-env-f30b54e6-9459-48e2-8569-12880c9a6b5d"><testcase classname="backend.tests.test_iter21_i18n_categories.TestMetaCategoriesI18n" name="test_ar_default" time="0.142" /><testcase classname="backend.tests.test_iter21_i18n_categories.TestMetaCategoriesI18n" name="test_en_translation" time="0.124" /><testcase classname="backend.tests.test_iter21_i18n_categories.TestMetaCategoriesI18n" name="test_other_langs[ur-\u062d\u0627\u0644\u062a-\u0646\u06cc\u0627]" time="0.111" /><testcase classname="backend.tests.test_iter21_i18n_categories.TestMetaCategoriesI18n" name="test_other_langs[hi-\u0938\u094d\u0925\u093f\u0924\u093f-\u0928\u092f\u093e]" time="0.123" /><testcase classname="backend.tests.test_iter21_i18n_categories.TestMetaCategoriesI18n" name="test_other_langs[bn-\u0985\u09ac\u09b8\u09cd\u09a5\u09be-\u09a8\u09a4\u09c1\u09a8]" time="0.110" /><testcase classname="backend.tests.test_iter21_i18n_categories.TestMetaCategoriesI18n" name="test_other_langs[fr-\xc9tat-Neuf]" time="0.128" /><testcase classname="backend.tests.test_iter21_i18n_categories.TestMetaCategoriesI18n" name="test_invalid_lang_fallback_to_ar" time="0.113" /><testcase classname="backend.tests.test_iter21_i18n_categories.TestAuthProviders" name="test_providers_shape" time="0.126" /><testcase classname="backend.tests.test_iter21_i18n_categories.TestListingCanonicalArabic" name="test_post_listing_with_canonical_arabic_condition" time="0.579" /><testcase classname="backend.tests.test_iter21_i18n_categories.TestRegression" name="test_login" time="0.335" /><testcase classname="backend.tests.test_iter21_i18n_categories.TestRegression" name="test_listings_get" time="0.141" /><testcase classname="backend.tests.test_iter21_i18n_categories.TestRegression" name="test_chat_conversations" time="0.062" /><testcase classname="backend.tests.test_iter21_i18n_categories.TestRegression" name="test_notifications" time="0.054" /><testcase classname="backend.tests.test_iter21_i18n_categories.TestRegression" name="test_vapid_public_key" time="0.111" /></testsuite></testsuites>