<?xml version="1.0" encoding="utf-8"?><testsuites name="pytest tests"><testsuite name="pytest" errors="0" failures="0" skipped="0" tests="9" time="2.301" timestamp="2026-05-05T12:27:59.170379+00:00" hostname="agent-env-f30b54e6-9459-48e2-8569-12880c9a6b5d"><testcase classname="backend.tests.test_iteration7_x_oauth.TestXOAuth" name="test_x_start_returns_auth_url" time="0.366" /><testcase classname="backend.tests.test_iteration7_x_oauth.TestXOAuth" name="test_x_start_state_uniqueness" time="0.104" /><testcase classname="backend.tests.test_iteration7_x_oauth.TestXOAuth" name="test_x_callback_invalid_state_400" time="0.050" /><testcase classname="backend.tests.test_iteration7_x_oauth.TestXOAuth" name="test_x_callback_missing_fields_422" time="0.049" /><testcase classname="backend.tests.test_iteration7_x_oauth.TestXOAuth" name="test_x_callback_missing_code_422" time="0.049" /><testcase classname="backend.tests.test_iteration7_x_oauth.TestAuthRegression" name="test_health" time="0.060" /><testcase classname="backend.tests.test_iteration7_x_oauth.TestAuthRegression" name="test_forgot_password_no_500" time="0.056" /><testcase classname="backend.tests.test_iteration7_x_oauth.TestAuthRegression" name="test_register_and_login" time="1.059" /><testcase classname="backend.tests.test_iteration7_x_oauth.TestAuthRegression" name="test_admin_login" time="0.438" /></testsuite></testsuites>