<?xml version="1.0" encoding="utf-8"?><testsuites name="pytest tests"><testsuite name="pytest" errors="0" failures="0" skipped="0" tests="16" time="4.816" timestamp="2026-05-04T18:44:53.114840+00:00" hostname="agent-env-f30b54e6-9459-48e2-8569-12880c9a6b5d"><testcase classname="backend.tests.test_new_features.TestForgotPassword" name="test_forgot_password_existing_email_returns_dev_link" time="0.750" /><testcase classname="backend.tests.test_new_features.TestForgotPassword" name="test_forgot_password_unknown_email_no_link" time="0.224" /><testcase classname="backend.tests.test_new_features.TestGoogleAuth" name="test_google_auth_empty_session_id_returns_422_or_400" time="0.189" /><testcase classname="backend.tests.test_new_features.TestGoogleAuth" name="test_google_auth_missing_field_returns_422" time="0.117" /><testcase classname="backend.tests.test_new_features.TestGoogleAuth" name="test_google_auth_invalid_session_id_returns_401_or_502" time="0.355" /><testcase classname="backend.tests.test_new_features.TestAuctions" name="test_active_auctions_returns_list" time="0.156" /><testcase classname="backend.tests.test_new_features.TestAuctions" name="test_active_auctions_country_filter" time="0.215" /><testcase classname="backend.tests.test_new_features.TestAuctions" name="test_auction_bids_empty_list_for_random_listing" time="0.133" /><testcase classname="backend.tests.test_new_features.TestAuctions" name="test_place_bid_requires_auth" time="0.207" /><testcase classname="backend.tests.test_new_features.TestAuctions" name="test_place_bid_on_nonexistent_listing_returns_404" time="0.129" /><testcase classname="backend.tests.test_new_features.TestAuctions" name="test_full_auction_bidding_flow" time="1.342" /><testcase classname="backend.tests.test_new_features.TestRegression" name="test_login_admin_still_works" time="0.379" /><testcase classname="backend.tests.test_new_features.TestRegression" name="test_me_endpoint" time="0.136" /><testcase classname="backend.tests.test_new_features.TestRegression" name="test_listings_endpoint" time="0.137" /><testcase classname="backend.tests.test_new_features.TestRegression" name="test_cloudinary_signature" time="0.125" /><testcase classname="backend.tests.test_new_features.TestRegression" name="test_ai_price_suggest_optional" time="0.137" /></testsuite></testsuites>