<?xml version="1.0" encoding="utf-8"?><testsuites name="pytest tests"><testsuite name="pytest" errors="0" failures="0" skipped="0" tests="16" time="4.054" timestamp="2026-05-05T15:39:27.606277+00:00" hostname="agent-env-f30b54e6-9459-48e2-8569-12880c9a6b5d"><testcase classname="backend.tests.test_iteration9_search.TestTrending" name="test_trending_anonymous_ok" time="0.208" /><testcase classname="backend.tests.test_iteration9_search.TestTrending" name="test_trending_with_limit" time="0.136" /><testcase classname="backend.tests.test_iteration9_search.TestSearchLog" name="test_log_anonymous_ok" time="0.136" /><testcase classname="backend.tests.test_iteration9_search.TestSearchLog" name="test_log_increments_count" time="0.672" /><testcase classname="backend.tests.test_iteration9_search.TestSearchLog" name="test_log_empty_query_noop" time="0.131" /><testcase classname="backend.tests.test_iteration9_search.TestSearchHistory" name="test_history_anonymous_returns_empty_array" time="0.115" /><testcase classname="backend.tests.test_iteration9_search.TestSearchHistory" name="test_history_logged_in_user" time="0.839" /><testcase classname="backend.tests.test_iteration9_search.TestSearchHistory" name="test_delete_one_history_item" time="0.220" /><testcase classname="backend.tests.test_iteration9_search.TestSearchHistory" name="test_delete_all_history" time="0.352" /><testcase classname="backend.tests.test_iteration9_search.TestSearchHistory" name="test_delete_history_requires_auth" time="0.110" /><testcase classname="backend.tests.test_iteration9_search.TestRegression" name="test_admin_login" time="0.396" /><testcase classname="backend.tests.test_iteration9_search.TestRegression" name="test_listings_public" time="0.123" /><testcase classname="backend.tests.test_iteration9_search.TestRegression" name="test_x_oauth_start" time="0.137" /><testcase classname="backend.tests.test_iteration9_search.TestRegression" name="test_snapchat_oauth_start" time="0.128" /><testcase classname="backend.tests.test_iteration9_search.TestRegression" name="test_auctions_active" time="0.143" /><testcase classname="backend.tests.test_iteration9_search.TestRegression" name="test_deals_today" time="0.140" /></testsuite></testsuites>