<?xml version="1.0" encoding="utf-8"?><testsuites name="pytest tests"><testsuite name="pytest" errors="0" failures="0" skipped="0" tests="18" time="5.026" timestamp="2026-05-09T00:24:04.943386+00:00" hostname="agent-env-f30b54e6-9459-48e2-8569-12880c9a6b5d"><testcase classname="backend.tests.test_iter18_search.TestArabicExactAndFuzzy" name="test_exact_arabic_match" time="0.974" /><testcase classname="backend.tests.test_iter18_search.TestArabicExactAndFuzzy" name="test_arabic_typo_fuzzy" time="0.064" /><testcase classname="backend.tests.test_iter18_search.TestArabicExactAndFuzzy" name="test_alef_normalization" time="0.284" /><testcase classname="backend.tests.test_iter18_search.TestArabicExactAndFuzzy" name="test_arabic_indic_digit_normalization" time="0.129" /><testcase classname="backend.tests.test_iter18_search.TestEnglish" name="test_english_exact" time="0.068" /><testcase classname="backend.tests.test_iter18_search.TestEnglish" name="test_english_typo" time="0.062" /><testcase classname="backend.tests.test_iter18_search.TestEdgeCases" name="test_nonsense_query_returns_zero" time="0.071" /><testcase classname="backend.tests.test_iter18_search.TestEdgeCases" name="test_no_q_returns_all" time="0.075" /><testcase classname="backend.tests.test_iter18_search.TestEdgeCases" name="test_q_plus_filter" time="0.072" /><testcase classname="backend.tests.test_iter18_search.TestEdgeCases" name="test_q_plus_wrong_category_filter" time="0.067" /><testcase classname="backend.tests.test_iter18_search.TestSuggest" name="test_suggest_arabic_prefix" time="0.058" /><testcase classname="backend.tests.test_iter18_search.TestSuggest" name="test_suggest_empty_q" time="0.074" /><testcase classname="backend.tests.test_iter18_search.TestSuggest" name="test_suggest_with_limit_cap" time="0.059" /><testcase classname="backend.tests.test_iter18_search.TestIndexHooks" name="test_create_then_immediate_search" time="0.856" /><testcase classname="backend.tests.test_iter18_search.TestIndexHooks" name="test_update_refreshes_search_blob" time="1.270" /><testcase classname="backend.tests.test_iter18_search.TestSearchRegression" name="test_search_trending" time="0.065" /><testcase classname="backend.tests.test_iter18_search.TestSearchRegression" name="test_search_log" time="0.083" /><testcase classname="backend.tests.test_iter18_search.TestSearchRegression" name="test_search_history_requires_auth_or_returns_ok" time="0.601" /></testsuite></testsuites>