<?xml version="1.0" encoding="utf-8"?><testsuites name="pytest tests"><testsuite name="pytest" errors="0" failures="0" skipped="0" tests="9" time="7.866" timestamp="2026-05-05T16:09:01.719034+00:00" hostname="agent-env-f30b54e6-9459-48e2-8569-12880c9a6b5d"><testcase classname="backend.tests.test_iteration11_features.TestAIAutofill" name="test_autofill_invalid_image_returns_400" time="0.183" /><testcase classname="backend.tests.test_iteration11_features.TestAIAutofill" name="test_autofill_public_endpoint_accepts_large_b64" time="6.405" /><testcase classname="backend.tests.test_iteration11_features.TestAdminFinance" name="test_finance_requires_auth" time="0.257" /><testcase classname="backend.tests.test_iteration11_features.TestAdminFinance" name="test_finance_summary_shape" time="0.442" /><testcase classname="backend.tests.test_iteration11_features.TestAdminSEO" name="test_seo_requires_auth" time="0.130" /><testcase classname="backend.tests.test_iteration11_features.TestAdminSEO" name="test_seo_get_default" time="0.087" /><testcase classname="backend.tests.test_iteration11_features.TestAdminSEO" name="test_seo_save_and_read_back" time="0.174" /><testcase classname="backend.tests.test_iteration11_features.TestRegression" name="test_search_trending_public" time="0.052" /><testcase classname="backend.tests.test_iteration11_features.TestRegression" name="test_search_log_public" time="0.061" /></testsuite></testsuites>