<?xml version="1.0" encoding="utf-8"?><testsuites name="pytest tests"><testsuite name="pytest" errors="0" failures="0" skipped="1" tests="11" time="1.292" timestamp="2026-05-04T21:44:43.277149+00:00" hostname="agent-env-f30b54e6-9459-48e2-8569-12880c9a6b5d"><testcase classname="backend.tests.test_iteration5_deals.TestDealsToday" name="test_endpoint_reachable_and_returns_list" time="0.153" /><testcase classname="backend.tests.test_iteration5_deals.TestDealsToday" name="test_deal_shape_has_required_fields" time="0.067" /><testcase classname="backend.tests.test_iteration5_deals.TestDealsToday" name="test_sorted_by_discount_pct_desc" time="0.063"><skipped type="pytest.skip" message="Need &gt;=2 deals to verify sort order">/app/backend/tests/test_iteration5_deals.py:75: Need &gt;=2 deals to verify sort order</skipped></testcase><testcase classname="backend.tests.test_iteration5_deals.TestDealsToday" name="test_limit_param_respected" time="0.067" /><testcase classname="backend.tests.test_iteration5_deals.TestDealsToday" name="test_country_code_filter" time="0.126" /><testcase classname="backend.tests.test_iteration5_deals.TestDealsToday" name="test_unknown_country_returns_empty_or_subset" time="0.062" /><testcase classname="backend.tests.test_iteration5_deals.TestPriceBadgeRegression" name="test_price_badge_endpoint" time="0.135" /><testcase classname="backend.tests.test_iteration5_deals.TestAuthRegression" name="test_admin_login" time="0.294" /><testcase classname="backend.tests.test_iteration5_deals.TestAuthRegression" name="test_me_endpoint" time="0.063" /><testcase classname="backend.tests.test_iteration5_deals.TestListingsRegression" name="test_list_listings" time="0.064" /><testcase classname="backend.tests.test_iteration5_deals.TestListingsRegression" name="test_get_single_listing" time="0.125" /></testsuite></testsuites>