<?xml version="1.0" encoding="utf-8"?><testsuites name="pytest tests"><testsuite name="pytest" errors="0" failures="0" skipped="0" tests="21" time="2.630" timestamp="2026-05-14T04:34:02.906896+00:00" hostname="agent-env-f30b54e6-9459-48e2-8569-12880c9a6b5d"><testcase classname="backend.tests.test_iter19_push.TestVapid" name="test_vapid_public_key_no_auth" time="0.168" /><testcase classname="backend.tests.test_iter19_push.TestWebPush" name="test_subscribe_requires_auth" time="0.057" /><testcase classname="backend.tests.test_iter19_push.TestWebPush" name="test_subscribe_with_auth" time="0.324" /><testcase classname="backend.tests.test_iter19_push.TestWebPush" name="test_unsubscribe" time="0.045" /><testcase classname="backend.tests.test_iter19_push.TestExpoToken" name="test_register_requires_auth" time="0.046" /><testcase classname="backend.tests.test_iter19_push.TestExpoToken" name="test_register" time="0.045" /><testcase classname="backend.tests.test_iter19_push.TestExpoToken" name="test_unregister" time="0.045" /><testcase classname="backend.tests.test_iter19_push.TestPreferences" name="test_defaults_all_true" time="0.693" /><testcase classname="backend.tests.test_iter19_push.TestPreferences" name="test_partial_merge" time="0.135" /><testcase classname="backend.tests.test_iter19_push.TestPushTest" name="test_push_test_returns_delivered_counts" time="0.053" /><testcase classname="backend.tests.test_iter19_push.TestBroadcast" name="test_broadcast_admin" time="0.049" /><testcase classname="backend.tests.test_iter19_push.TestBroadcast" name="test_broadcast_requires_admin" time="0.043" /><testcase classname="backend.tests.test_iter19_push.TestChatNotification" name="test_chat_send_inserts_notification_for_receiver" time="0.101" /><testcase classname="backend.tests.test_iter19_push.TestAdminListingNotifications" name="test_approve_creates_notification" time="0.167" /><testcase classname="backend.tests.test_iter19_push.TestAdminListingNotifications" name="test_reject_creates_notification" time="0.142" /><testcase classname="backend.tests.test_iter19_push.TestOAuthRegression" name="test_google_start" time="0.053" /><testcase classname="backend.tests.test_iter19_push.TestOAuthRegression" name="test_x_start" time="0.053" /><testcase classname="backend.tests.test_iter19_push.TestOAuthRegression" name="test_x_start_with_mobile_redirect" time="0.042" /><testcase classname="backend.tests.test_iter19_push.TestOAuthRegression" name="test_snap_start" time="0.045" /><testcase classname="backend.tests.test_iter19_push.TestRoutingRegression" name="test_listings_route" time="0.051" /><testcase classname="backend.tests.test_iter19_push.TestRoutingRegression" name="test_chat_messages_polling" time="0.099" /></testsuite></testsuites>